[05/Sep/2020:06:31:29] (I): WordPress Instance Info:
[05/Sep/2020:06:31:29] (I): Home URL : http://localhost/wordpress
[05/Sep/2020:06:31:29] (I): Site URL : http://localhost/wordpress
[05/Sep/2020:06:31:29] (I): WordPress Version : 5.5.1
[05/Sep/2020:06:31:29] (I): Onboarding Version : 1.0.9
[05/Sep/2020:06:31:29] (I): Multisite : No
[05/Sep/2020:06:31:29] (I): Server Info : Apache/2.4.46 (Win64) PHP/7.3.21
[05/Sep/2020:06:31:29] (I): PHP Version : 7.3.21
[05/Sep/2020:06:31:29] (I): HTTPS : No
[05/Sep/2020:06:31:29] (I): PHP Max Execution Time : 3600
[05/Sep/2020:06:31:29] (I): PHP Max Input Vars : 2500
[05/Sep/2020:06:31:29] (I): Max Upload Size : 2097152
[05/Sep/2020:06:31:29] (I): Plugins:
[05/Sep/2020:06:31:29] (I): [PLUGIN] Elementor : v3.0.5 (Elementor.com)
[05/Sep/2020:06:31:29] (I): [PLUGIN] Templates Patterns Collection : v1.0.9 (ThemeIsle)
[05/Sep/2020:06:31:29] (I): [PLUGIN] Orbit Fox Companion : v2.9.17 (Themeisle)
[05/Sep/2020:06:31:29] (P): Saving remote XML
[05/Sep/2020:06:31:29] (S): Saved remote XML at path C:\wamp64\www\wordpress/wp-content/uploads/themeisle-demo-import.xml.
[05/Sep/2020:06:31:29] (P): Starting content import...
[05/Sep/2020:06:31:29] (S): Import started.
[05/Sep/2020:06:31:29] (S): Parsing XML file.
[05/Sep/2020:06:31:29] (P): Starting parsing file:C:\wamp64\www\wordpress/wp-content/uploads/themeisle-demo-import.xml
[05/Sep/2020:06:31:29] (P): Using WXR_Parser_SimpleXML...
[05/Sep/2020:06:31:29] (S): Parsed XML
[05/Sep/2020:06:31:29] (P): Processing categories...
[05/Sep/2020:06:31:29] (S): Processed categories.
[05/Sep/2020:06:31:29] (P): Processing tags...
[05/Sep/2020:06:31:29] (S): No tags to process.
[05/Sep/2020:06:31:29] (P): Processing terms...
[05/Sep/2020:06:31:29] (S): Processed terms.
[05/Sep/2020:06:31:29] (P): Processing posts...
[05/Sep/2020:06:31:29] (S): Custom CSS neve already exists.
[05/Sep/2020:06:31:29] (S): Page Home already exists.
[05/Sep/2020:06:31:29] (P): Filtering elementor meta...
[05/Sep/2020:06:31:29] (S): Filtered elementor meta.
[05/Sep/2020:06:31:30] (S): Media freelancer-01 already exists.
[05/Sep/2020:06:31:30] (S): Media freelancer-03 already exists.
[05/Sep/2020:06:31:30] (S): Media freelancer-05 already exists.
[05/Sep/2020:06:31:30] (S): Media freelancer-06 already exists.
[05/Sep/2020:06:31:30] (S): Media freelancer-08 already exists.
[05/Sep/2020:06:31:30] (S): Media freelancer-12 already exists.
[05/Sep/2020:06:31:30] (S): Media freelancer-13 already exists.
[05/Sep/2020:06:31:30] (S): Media freelancer-14 already exists.
[05/Sep/2020:06:31:30] (S): Media freelancer-15 already exists.
[05/Sep/2020:06:31:30] (P): Processing single menu item ' '...
[05/Sep/2020:06:31:30] (P): Processing single menu item ' '...
[05/Sep/2020:06:31:30] (P): Processing single menu item ' '...
[05/Sep/2020:06:31:30] (P): Processing single menu item ' '...
[05/Sep/2020:06:31:30] (S): Processed single menu item.
[05/Sep/2020:06:31:30] (S): Media freelancer-logo already exists.
[05/Sep/2020:06:31:30] (S): Media freelancer-icon already exists.
[05/Sep/2020:06:31:30] (S): Media cropped-neve-freelancer-icon.png already exists.
[05/Sep/2020:06:31:30] (S): Page About Me already exists.
[05/Sep/2020:06:31:30] (P): Filtering elementor meta...
[05/Sep/2020:06:31:30] (S): Filtered elementor meta.
[05/Sep/2020:06:31:30] (S): Page Contact already exists.
[05/Sep/2020:06:31:30] (P): Filtering elementor meta...
[05/Sep/2020:06:31:30] (S): Filtered elementor meta.
[05/Sep/2020:06:31:30] (S): Page Portfolio already exists.
[05/Sep/2020:06:31:30] (P): Filtering elementor meta...
[05/Sep/2020:06:31:30] (S): Filtered elementor meta.
[05/Sep/2020:06:31:30] (S): Processed posts.
[05/Sep/2020:06:31:30] (P): Processing single menu item ' '...
[05/Sep/2020:06:31:30] (S): Processed single menu item.
[05/Sep/2020:06:31:30] (P): Processing single menu item ' '...
[05/Sep/2020:06:31:30] (S): Processed single menu item.
[05/Sep/2020:06:31:30] (P): Processing single menu item ' '...
[05/Sep/2020:06:31:30] (S): Processed single menu item.
[05/Sep/2020:06:31:30] (P): Cleaning up import with id ...
[05/Sep/2020:06:31:30] (P): Done cleanup. Flushing cache...
[05/Sep/2020:06:31:30] (P): Flushed cache. Removing temporary data..
[05/Sep/2020:06:31:30] (S): Done importing
[05/Sep/2020:06:31:30] (P): Busting elementor cache
[05/Sep/2020:06:31:30] (S): Front page set up with id: 40.
